<?xml version="1.0" encoding="UTF-8"?>
<testsuite name="com.flashpool.data.local.dao.ProductDaoTest" tests="2" skipped="0" failures="0" errors="0" timestamp="2026-07-03T11:54:54" hostname="Shashanks-MacBook-Pro.local" time="3.51">
  <properties/>
  <testcase name="upsertAndObserveAll" classname="com.flashpool.data.local.dao.ProductDaoTest" time="3.489"/>
  <testcase name="observeByCategory_filtersCorrectly" classname="com.flashpool.data.local.dao.ProductDaoTest" time="0.021"/>
  <system-out><![CDATA[WARNING: No manifest file found at ./AndroidManifest.xml.
Falling back to the Android OS resources only.
To remove this warning, annotate your test class with @Config(manifest=Config.NONE).
If you're using Android Gradle Plugin, add testOptions.unitTests.includeAndroidResources = true to your build.gradle
]]></system-out>
  <system-err><![CDATA[]]></system-err>
</testsuite>
