<?xml version="1.0" encoding="UTF-8"?>
<testsuite name="com.flashpool.domain.model.AppThemeTest" tests="3" skipped="0" failures="0" errors="0" timestamp="2026-07-03T11:54:35" hostname="Shashanks-MacBook-Pro.local" time="0.002">
  <properties/>
  <testcase name="system_defers_to_device_flag" classname="com.flashpool.domain.model.AppThemeTest" time="0.001"/>
  <testcase name="light_forces_light" classname="com.flashpool.domain.model.AppThemeTest" time="0.001"/>
  <testcase name="dark_forces_dark" classname="com.flashpool.domain.model.AppThemeTest" time="0.0"/>
  <system-out><![CDATA[]]></system-out>
  <system-err><![CDATA[]]></system-err>
</testsuite>
